-------------------------------------------------------------------------------
Test set: com.sg.superheros.SuperherosApplicationTests
-------------------------------------------------------------------------------
Tests run: 1, Failures: 0, Errors: 1, Skipped: 0, Time elapsed: 0 s <<< FAILURE! - in com.sg.superheros.SuperherosApplicationTests
initializationError(com.sg.superheros.SuperherosApplicationTests)  Time elapsed: 0 s  <<< ERROR!
java.lang.Exception: No runnable methods

